<?xml version="1.0" encoding="UTF-8"?>
<!-- Generated by org.testng.reporters.JUnitReportReporter -->
<testsuite skipped="0" hostname="DESKTOP-5GI3OCP" name="com.crm.tests.HomePageTest" tests="2" failures="0" timestamp="15 Jan 2022 22:54:57 GMT" time="31.235" errors="0">
  <testcase name="SelectAllDepartTest" time="22.325" classname="com.crm.tests.HomePageTest"/>
  <testcase name="VerifyLogoTest" time="8.910" classname="com.crm.tests.HomePageTest"/>
</testsuite> <!-- com.crm.tests.HomePageTest -->
