<?xml version="1.0" encoding="UTF-8"?>
<!-- Generated by org.testng.reporters.JUnitReportReporter -->
<testsuite skipped="0" hostname="DESKTOP-5GI3OCP" name="com.crm.tests.LoginPageTest" tests="3" failures="0" timestamp="15 Jan 2022 22:14:23 GMT" time="18.957" errors="0">
  <testcase name="LoginTest" time="12.068" classname="com.crm.tests.LoginPageTest"/>
  <testcase name="LoginPageTitleTest" time="2.915" classname="com.crm.tests.LoginPageTest"/>
  <testcase name="verifyPrivacyLinkTest" time="3.974" classname="com.crm.tests.LoginPageTest"/>
</testsuite> <!-- com.crm.tests.LoginPageTest -->
