<?xml version="1.0" encoding="UTF-8"?>
<!-- Generated by org.testng.reporters.JUnitReportReporter -->
<testsuite skipped="0" hostname="DESKTOP-5GI3OCP" name="com.crm.tests.LoginPageTest" tests="3" failures="0" timestamp="18 Jan 2022 02:02:37 GMT" time="16.611" errors="0">
  <testcase name="LoginPageTitleTest" time="3.453" classname="com.crm.tests.LoginPageTest"/>
  <testcase name="verifyPrivacyLinkTest" time="3.867" classname="com.crm.tests.LoginPageTest"/>
  <testcase name="LoginTest" time="9.291" classname="com.crm.tests.LoginPageTest"/>
</testsuite> <!-- com.crm.tests.LoginPageTest -->
